0 verbose cli C:\Program Files\nodejs\node.exe C:\Users\roko\AppData\Roaming\npm\node_modules\npm\bin\npm-cli.js
1 info using npm@9.8.1
2 info using node@v18.15.0
3 timing npm:load:whichnode Completed in 2ms
4 timing config:load:defaults Completed in 4ms
5 timing config:load:file:C:\Users\roko\AppData\Roaming\npm\node_modules\npm\npmrc Completed in 2ms
6 timing config:load:builtin Completed in 2ms
7 timing config:load:cli Completed in 1ms
8 timing config:load:env Completed in 1ms
9 timing config:load:file:C:\Users\roko\Desktop\ethx\.npmrc Completed in 0ms
10 timing config:load:project Completed in 1ms
11 timing config:load:file:C:\Users\roko\.npmrc Completed in 1ms
12 timing config:load:user Completed in 1ms
13 timing config:load:file:C:\Users\roko\AppData\Roaming\npm\etc\npmrc Completed in 0ms
14 timing config:load:global Completed in 0ms
15 timing config:load:setEnvs Completed in 1ms
16 timing config:load Completed in 11ms
17 timing npm:load:configload Completed in 11ms
18 timing config:load:flatten Completed in 3ms
19 timing npm:load:mkdirpcache Completed in 0ms
20 timing npm:load:mkdirplogs Completed in 1ms
21 verbose title npm run dev
22 verbose argv "run" "dev"
23 timing npm:load:setTitle Completed in 1ms
24 timing npm:load:display Completed in 0ms
25 verbose logfile logs-max:10 dir:C:\Users\roko\Desktop\ethx\npm-cache\_logs\2023-09-20T20_16_02_497Z-
26 verbose logfile C:\Users\roko\Desktop\ethx\npm-cache\_logs\2023-09-20T20_16_02_497Z-debug-0.log
27 timing npm:load:logFile Completed in 10ms
28 timing npm:load:timers Completed in 0ms
29 timing npm:load:configScope Completed in 0ms
30 timing npm:load Completed in 59ms
31 timing command:run Completed in 9ms
32 verbose stack Error: Missing script: "dev"
32 verbose stack
32 verbose stack To see a list of scripts, run:
32 verbose stack   npm run
32 verbose stack     at RunScript.run (C:\Users\roko\AppData\Roaming\npm\node_modules\npm\lib\commands\run-script.js:94:13)
32 verbose stack     at async module.exports (C:\Users\roko\AppData\Roaming\npm\node_modules\npm\lib\cli-entry.js:61:5)
33 verbose cwd C:\Users\roko\Desktop\ethx
34 verbose Windows_NT 10.0.19045
35 verbose node v18.15.0
36 verbose npm  v9.8.1
37 error Missing script: "dev"
37 error
37 error To see a list of scripts, run:
37 error   npm run
38 verbose exit 1
39 timing npm Completed in 177ms
40 verbose code 1
41 error A complete log of this run can be found in: C:\Users\roko\Desktop\ethx\npm-cache\_logs\2023-09-20T20_16_02_497Z-debug-0.log
