0 verbose cli C:\Program Files\nodejs\node.exe C:\Users\roko\AppData\Roaming\npm\node_modules\npm\bin\npm-cli.js
1 info using npm@9.8.1
2 info using node@v18.15.0
3 timing npm:load:whichnode Completed in 2ms
4 timing config:load:defaults Completed in 2ms
5 timing config:load:file:C:\Users\roko\AppData\Roaming\npm\node_modules\npm\npmrc Completed in 4ms
6 timing config:load:builtin Completed in 4ms
7 timing config:load:cli Completed in 1ms
8 timing config:load:env Completed in 1ms
9 timing config:load:file:C:\Users\roko\Desktop\ethx\.npmrc Completed in 1ms
10 timing config:load:project Completed in 2ms
11 timing config:load:file:C:\Users\roko\.npmrc Completed in 0ms
12 timing config:load:user Completed in 1ms
13 timing config:load:file:C:\Users\roko\AppData\Roaming\npm\etc\npmrc Completed in 0ms
14 timing config:load:global Completed in 0ms
15 timing config:load:setEnvs Completed in 1ms
16 timing config:load Completed in 13ms
17 timing npm:load:configload Completed in 13ms
18 timing config:load:flatten Completed in 3ms
19 timing npm:load:mkdirpcache Completed in 1ms
20 timing npm:load:mkdirplogs Completed in 0ms
21 verbose title npm install ethers@5.4
22 verbose argv "install" "ethers@5.4"
23 timing npm:load:setTitle Completed in 1ms
24 timing npm:load:display Completed in 1ms
25 verbose logfile logs-max:10 dir:C:\Users\roko\Desktop\ethx\npm-cache\_logs\2023-09-20T20_15_42_363Z-
26 verbose logfile C:\Users\roko\Desktop\ethx\npm-cache\_logs\2023-09-20T20_15_42_363Z-debug-0.log
27 timing npm:load:logFile Completed in 10ms
28 timing npm:load:timers Completed in 0ms
29 timing npm:load:configScope Completed in 0ms
30 timing npm:load Completed in 58ms
31 timing config:load:flatten Completed in 0ms
32 timing arborist:ctor Completed in 0ms
33 timing arborist:ctor Completed in 1ms
34 silly logfile done cleaning log files
35 timing idealTree:init Completed in 13ms
36 timing idealTree:userRequests Completed in 4ms
37 silly idealTree buildDeps
38 silly fetch manifest ethers@5.4
39 http fetch GET 200 https://registry.npmjs.org/ethers 1330ms (cache miss)
40 silly placeDep ROOT ethers@5.4.7 OK for:  want: 5.4
41 silly fetch manifest @ethersproject/abi@5.4.1
42 silly fetch manifest @ethersproject/abstract-provider@5.4.1
43 silly fetch manifest @ethersproject/abstract-signer@5.4.1
44 silly fetch manifest @ethersproject/address@5.4.0
45 silly fetch manifest @ethersproject/base64@5.4.0
46 silly fetch manifest @ethersproject/basex@5.4.0
47 silly fetch manifest @ethersproject/bignumber@5.4.2
48 silly fetch manifest @ethersproject/bytes@5.4.0
49 silly fetch manifest @ethersproject/constants@5.4.0
50 silly fetch manifest @ethersproject/contracts@5.4.1
51 silly fetch manifest @ethersproject/hash@5.4.0
52 silly fetch manifest @ethersproject/hdnode@5.4.0
53 silly fetch manifest @ethersproject/json-wallets@5.4.0
54 silly fetch manifest @ethersproject/keccak256@5.4.0
55 silly fetch manifest @ethersproject/logger@5.4.1
56 silly fetch manifest @ethersproject/networks@5.4.2
57 silly fetch manifest @ethersproject/pbkdf2@5.4.0
58 silly fetch manifest @ethersproject/properties@5.4.1
59 silly fetch manifest @ethersproject/providers@5.4.5
60 silly fetch manifest @ethersproject/random@5.4.0
61 silly fetch manifest @ethersproject/rlp@5.4.0
62 silly fetch manifest @ethersproject/sha2@5.4.0
63 silly fetch manifest @ethersproject/signing-key@5.4.0
64 silly fetch manifest @ethersproject/solidity@5.4.0
65 silly fetch manifest @ethersproject/strings@5.4.0
66 silly fetch manifest @ethersproject/transactions@5.4.0
67 silly fetch manifest @ethersproject/units@5.4.0
68 silly fetch manifest @ethersproject/wallet@5.4.0
69 silly fetch manifest @ethersproject/web@5.4.0
70 silly fetch manifest @ethersproject/wordlists@5.4.0
71 http fetch GET 200 https://registry.npmjs.org/@ethersproject%2fabi 541ms (cache miss)
72 http fetch GET 200 https://registry.npmjs.org/@ethersproject%2faddress 591ms (cache miss)
73 http fetch GET 200 https://registry.npmjs.org/@ethersproject%2fhash 1181ms (cache miss)
74 http fetch GET 200 https://registry.npmjs.org/@ethersproject%2fabstract-provider 1247ms (cache miss)
75 http fetch GET 200 https://registry.npmjs.org/@ethersproject%2fproviders 1573ms (cache miss)
76 http fetch GET 200 https://registry.npmjs.org/@ethersproject%2frandom 1755ms (cache miss)
77 http fetch GET 200 https://registry.npmjs.org/@ethersproject%2fbasex 1844ms (cache miss)
78 http fetch GET 200 https://registry.npmjs.org/@ethersproject%2fbase64 2068ms (cache miss)
79 http fetch GET 200 https://registry.npmjs.org/@ethersproject%2fbignumber 2104ms (cache miss)
80 http fetch GET 200 https://registry.npmjs.org/@ethersproject%2fpbkdf2 2208ms (cache miss)
81 http fetch GET 200 https://registry.npmjs.org/@ethersproject%2fnetworks 2262ms (cache miss)
82 http fetch GET 200 https://registry.npmjs.org/@ethersproject%2fconstants 2282ms (cache miss)
83 http fetch GET 200 https://registry.npmjs.org/@ethersproject%2fbytes 2298ms (cache miss)
84 http fetch GET 200 https://registry.npmjs.org/@ethersproject%2fcontracts 2298ms (cache miss)
85 http fetch GET 200 https://registry.npmjs.org/@ethersproject%2flogger 2319ms (cache miss)
86 http fetch GET 200 https://registry.npmjs.org/@ethersproject%2fabstract-signer 2442ms (cache miss)
87 http fetch GET 200 https://registry.npmjs.org/@ethersproject%2ftransactions 2434ms (cache miss)
88 http fetch GET 200 https://registry.npmjs.org/@ethersproject%2fproperties 2630ms (cache miss)
89 http fetch GET 200 https://registry.npmjs.org/@ethersproject%2fkeccak256 2654ms (cache miss)
90 http fetch GET 200 https://registry.npmjs.org/@ethersproject%2fwallet 2876ms (cache miss)
91 http fetch GET 200 https://registry.npmjs.org/@ethersproject%2frlp 2963ms (cache miss)
92 http fetch GET 200 https://registry.npmjs.org/@ethersproject%2fjson-wallets 3066ms (cache miss)
93 http fetch GET 200 https://registry.npmjs.org/@ethersproject%2fhdnode 3218ms (cache miss)
94 http fetch GET 200 https://registry.npmjs.org/@ethersproject%2fstrings 3241ms (cache miss)
95 http fetch GET 200 https://registry.npmjs.org/@ethersproject%2fsha2 3414ms (cache miss)
96 http fetch GET 200 https://registry.npmjs.org/@ethersproject%2fsigning-key 3568ms (cache miss)
97 http fetch GET 200 https://registry.npmjs.org/@ethersproject%2fsolidity 3672ms (cache miss)
98 http fetch GET 200 https://registry.npmjs.org/@ethersproject%2fwordlists 3844ms (cache miss)
99 http fetch GET 200 https://registry.npmjs.org/@ethersproject%2fweb 3974ms (cache miss)
100 http fetch GET 200 https://registry.npmjs.org/@ethersproject%2funits 3976ms (cache miss)
101 timing idealTree:#root Completed in 5340ms
102 silly placeDep ROOT @ethersproject/abi@5.4.1 OK for: ethers@5.4.7 want: 5.4.1
103 silly fetch manifest @ethersproject/address@^5.4.0
104 silly fetch manifest @ethersproject/bignumber@^5.4.0
105 silly fetch manifest @ethersproject/bytes@^5.4.0
106 silly fetch manifest @ethersproject/constants@^5.4.0
107 silly fetch manifest @ethersproject/hash@^5.4.0
108 silly fetch manifest @ethersproject/keccak256@^5.4.0
109 silly fetch manifest @ethersproject/logger@^5.4.0
110 silly fetch manifest @ethersproject/properties@^5.4.0
111 silly fetch manifest @ethersproject/strings@^5.4.0
112 silly placeDep ROOT @ethersproject/abstract-provider@5.4.1 OK for: ethers@5.4.7 want: 5.4.1
113 silly fetch manifest @ethersproject/networks@^5.4.0
114 silly fetch manifest @ethersproject/transactions@^5.4.0
115 silly fetch manifest @ethersproject/web@^5.4.0
116 silly placeDep ROOT @ethersproject/abstract-signer@5.4.1 OK for: ethers@5.4.7 want: 5.4.1
117 silly placeDep ROOT @ethersproject/address@5.4.0 OK for: ethers@5.4.7 want: 5.4.0
118 silly fetch manifest @ethersproject/rlp@^5.4.0
119 silly placeDep ROOT @ethersproject/base64@5.4.0 OK for: ethers@5.4.7 want: 5.4.0
120 silly placeDep ROOT @ethersproject/basex@5.4.0 OK for: ethers@5.4.7 want: 5.4.0
121 silly placeDep ROOT @ethersproject/bignumber@5.4.2 OK for: ethers@5.4.7 want: 5.4.2
122 silly fetch manifest bn.js@^4.11.9
123 silly placeDep ROOT @ethersproject/bytes@5.4.0 OK for: ethers@5.4.7 want: 5.4.0
124 silly placeDep ROOT @ethersproject/constants@5.4.0 OK for: ethers@5.4.7 want: 5.4.0
125 silly placeDep ROOT @ethersproject/contracts@5.4.1 OK for: ethers@5.4.7 want: 5.4.1
126 silly placeDep ROOT @ethersproject/hash@5.4.0 OK for: ethers@5.4.7 want: 5.4.0
127 silly placeDep ROOT @ethersproject/hdnode@5.4.0 OK for: ethers@5.4.7 want: 5.4.0
128 silly fetch manifest @ethersproject/pbkdf2@^5.4.0
129 silly fetch manifest @ethersproject/sha2@^5.4.0
130 silly fetch manifest @ethersproject/signing-key@^5.4.0
131 silly fetch manifest @ethersproject/wordlists@^5.4.0
132 silly placeDep ROOT @ethersproject/json-wallets@5.4.0 OK for: ethers@5.4.7 want: 5.4.0
133 silly fetch manifest @ethersproject/random@^5.4.0
134 silly fetch manifest aes-js@3.0.0
135 silly fetch manifest scrypt-js@3.0.1
136 silly placeDep ROOT @ethersproject/keccak256@5.4.0 OK for: ethers@5.4.7 want: 5.4.0
137 silly fetch manifest js-sha3@0.5.7
138 silly placeDep ROOT @ethersproject/logger@5.4.1 OK for: ethers@5.4.7 want: 5.4.1
139 silly placeDep ROOT @ethersproject/networks@5.4.2 OK for: ethers@5.4.7 want: 5.4.2
140 silly placeDep ROOT @ethersproject/pbkdf2@5.4.0 OK for: ethers@5.4.7 want: 5.4.0
141 silly placeDep ROOT @ethersproject/properties@5.4.1 OK for: ethers@5.4.7 want: 5.4.1
142 silly placeDep ROOT @ethersproject/providers@5.4.5 OK for: ethers@5.4.7 want: 5.4.5
143 silly fetch manifest bech32@1.1.4
144 silly fetch manifest ws@7.4.6
145 silly placeDep ROOT @ethersproject/random@5.4.0 OK for: ethers@5.4.7 want: 5.4.0
146 silly placeDep ROOT @ethersproject/rlp@5.4.0 OK for: ethers@5.4.7 want: 5.4.0
147 silly placeDep ROOT @ethersproject/sha2@5.4.0 OK for: ethers@5.4.7 want: 5.4.0
148 silly fetch manifest hash.js@1.1.7
149 silly placeDep ROOT @ethersproject/signing-key@5.4.0 OK for: ethers@5.4.7 want: 5.4.0
150 silly fetch manifest elliptic@6.5.4
151 silly placeDep ROOT @ethersproject/solidity@5.4.0 OK for: ethers@5.4.7 want: 5.4.0
152 silly placeDep ROOT @ethersproject/strings@5.4.0 OK for: ethers@5.4.7 want: 5.4.0
153 silly placeDep ROOT @ethersproject/transactions@5.4.0 OK for: ethers@5.4.7 want: 5.4.0
154 silly placeDep ROOT @ethersproject/units@5.4.0 OK for: ethers@5.4.7 want: 5.4.0
155 silly placeDep ROOT @ethersproject/wallet@5.4.0 OK for: ethers@5.4.7 want: 5.4.0
156 silly placeDep ROOT @ethersproject/web@5.4.0 OK for: ethers@5.4.7 want: 5.4.0
157 silly placeDep ROOT @ethersproject/wordlists@5.4.0 OK for: ethers@5.4.7 want: 5.4.0
158 http fetch GET 200 https://registry.npmjs.org/ws 208ms (cache miss)
159 http fetch GET 200 https://registry.npmjs.org/bn.js 328ms (cache miss)
160 http fetch GET 200 https://registry.npmjs.org/js-sha3 418ms (cache miss)
161 http fetch GET 200 https://registry.npmjs.org/hash.js 408ms (cache miss)
162 http fetch GET 200 https://registry.npmjs.org/aes-js 844ms (cache miss)
163 http fetch GET 200 https://registry.npmjs.org/scrypt-js 844ms (cache miss)
164 http fetch GET 200 https://registry.npmjs.org/bech32 835ms (cache miss)
165 http fetch GET 200 https://registry.npmjs.org/elliptic 854ms (cache miss)
166 timing idealTree:node_modules/ethers Completed in 911ms
167 timing idealTree:node_modules/@ethersproject/abi Completed in 0ms
168 timing idealTree:node_modules/@ethersproject/abstract-provider Completed in 0ms
169 timing idealTree:node_modules/@ethersproject/abstract-signer Completed in 0ms
170 timing idealTree:node_modules/@ethersproject/address Completed in 0ms
171 timing idealTree:node_modules/@ethersproject/base64 Completed in 0ms
172 timing idealTree:node_modules/@ethersproject/basex Completed in 0ms
173 silly placeDep ROOT bn.js@4.12.0 OK for: @ethersproject/bignumber@5.4.2 want: ^4.11.9
174 timing idealTree:node_modules/@ethersproject/bignumber Completed in 2ms
175 timing idealTree:node_modules/@ethersproject/bytes Completed in 0ms
176 timing idealTree:node_modules/@ethersproject/constants Completed in 0ms
177 timing idealTree:node_modules/@ethersproject/contracts Completed in 0ms
178 timing idealTree:node_modules/@ethersproject/hash Completed in 0ms
179 timing idealTree:node_modules/@ethersproject/hdnode Completed in 0ms
180 silly placeDep ROOT aes-js@3.0.0 OK for: @ethersproject/json-wallets@5.4.0 want: 3.0.0
181 silly placeDep ROOT scrypt-js@3.0.1 OK for: @ethersproject/json-wallets@5.4.0 want: 3.0.1
182 timing idealTree:node_modules/@ethersproject/json-wallets Completed in 2ms
183 silly placeDep ROOT js-sha3@0.5.7 OK for: @ethersproject/keccak256@5.4.0 want: 0.5.7
184 timing idealTree:node_modules/@ethersproject/keccak256 Completed in 1ms
185 timing idealTree:node_modules/@ethersproject/logger Completed in 0ms
186 timing idealTree:node_modules/@ethersproject/networks Completed in 0ms
187 timing idealTree:node_modules/@ethersproject/pbkdf2 Completed in 0ms
188 timing idealTree:node_modules/@ethersproject/properties Completed in 0ms
189 silly fetch manifest bufferutil@^4.0.1
190 http fetch GET 200 https://registry.npmjs.org/bufferutil 86ms (cache miss)
191 silly fetch manifest utf-8-validate@^5.0.2
192 http fetch GET 200 https://registry.npmjs.org/utf-8-validate 91ms (cache miss)
193 silly placeDep ROOT bech32@1.1.4 OK for: @ethersproject/providers@5.4.5 want: 1.1.4
194 silly placeDep ROOT ws@7.4.6 OK for: @ethersproject/providers@5.4.5 want: 7.4.6
195 timing idealTree:node_modules/@ethersproject/providers Completed in 185ms
196 timing idealTree:node_modules/@ethersproject/random Completed in 0ms
197 timing idealTree:node_modules/@ethersproject/rlp Completed in 0ms
198 silly placeDep ROOT hash.js@1.1.7 OK for: @ethersproject/sha2@5.4.0 want: 1.1.7
199 silly fetch manifest inherits@^2.0.3
200 silly fetch manifest minimalistic-assert@^1.0.1
201 http fetch GET 200 https://registry.npmjs.org/inherits 11ms (cache hit)
202 http fetch GET 200 https://registry.npmjs.org/minimalistic-assert 55ms (cache miss)
203 timing idealTree:node_modules/@ethersproject/sha2 Completed in 57ms
204 silly placeDep ROOT elliptic@6.5.4 OK for: @ethersproject/signing-key@5.4.0 want: 6.5.4
205 silly fetch manifest brorand@^1.1.0
206 silly fetch manifest hmac-drbg@^1.0.1
207 silly fetch manifest inherits@^2.0.4
208 silly fetch manifest minimalistic-crypto-utils@^1.0.1
209 http fetch GET 200 https://registry.npmjs.org/hmac-drbg 64ms (cache miss)
210 http fetch GET 200 https://registry.npmjs.org/minimalistic-crypto-utils 64ms (cache miss)
211 http fetch GET 200 https://registry.npmjs.org/brorand 76ms (cache miss)
212 timing idealTree:node_modules/@ethersproject/signing-key Completed in 78ms
213 timing idealTree:node_modules/@ethersproject/solidity Completed in 0ms
214 timing idealTree:node_modules/@ethersproject/strings Completed in 0ms
215 timing idealTree:node_modules/@ethersproject/transactions Completed in 0ms
216 timing idealTree:node_modules/@ethersproject/units Completed in 0ms
217 timing idealTree:node_modules/@ethersproject/wallet Completed in 0ms
218 timing idealTree:node_modules/@ethersproject/web Completed in 0ms
219 timing idealTree:node_modules/@ethersproject/wordlists Completed in 0ms
220 timing idealTree:node_modules/aes-js Completed in 0ms
221 timing idealTree:node_modules/bech32 Completed in 0ms
222 timing idealTree:node_modules/bn.js Completed in 0ms
223 silly placeDep ROOT brorand@1.1.0 OK for: elliptic@6.5.4 want: ^1.1.0
224 silly placeDep ROOT hmac-drbg@1.0.1 OK for: elliptic@6.5.4 want: ^1.0.1
225 silly fetch manifest minimalistic-assert@^1.0.0
226 silly placeDep ROOT inherits@2.0.4 OK for: elliptic@6.5.4 want: ^2.0.4
227 silly placeDep ROOT minimalistic-assert@1.0.1 OK for: elliptic@6.5.4 want: ^1.0.1
228 silly placeDep ROOT minimalistic-crypto-utils@1.0.1 OK for: elliptic@6.5.4 want: ^1.0.1
229 timing idealTree:node_modules/elliptic Completed in 5ms
230 timing idealTree:node_modules/brorand Completed in 0ms
231 timing idealTree:node_modules/hash.js Completed in 0ms
232 timing idealTree:node_modules/hmac-drbg Completed in 0ms
233 timing idealTree:node_modules/inherits Completed in 0ms
234 timing idealTree:node_modules/js-sha3 Completed in 0ms
235 timing idealTree:node_modules/minimalistic-assert Completed in 0ms
236 timing idealTree:node_modules/minimalistic-crypto-utils Completed in 0ms
237 timing idealTree:node_modules/scrypt-js Completed in 0ms
238 timing idealTree:node_modules/ws Completed in 0ms
239 timing idealTree:buildDeps Completed in 6584ms
240 timing idealTree:fixDepFlags Completed in 1ms
241 timing idealTree Completed in 6602ms
242 timing reify:loadTrees Completed in 6603ms
243 timing reify:diffTrees Completed in 2ms
244 silly reify moves {}
245 timing reify:retireShallow Completed in 1ms
246 timing reify:createSparse Completed in 14ms
247 timing reify:loadBundles Completed in 0ms
248 silly tarball no local data for minimalistic-crypto-utils@https://registry.npmjs.org/minimalistic-crypto-utils/-/minimalistic-crypto-utils-1.0.1.tgz. Extracting by manifest.
249 silly tarball no local data for minimalistic-assert@https://registry.npmjs.org/minimalistic-assert/-/minimalistic-assert-1.0.1.tgz. Extracting by manifest.
250 silly tarball no local data for hmac-drbg@https://registry.npmjs.org/hmac-drbg/-/hmac-drbg-1.0.1.tgz. Extracting by manifest.
251 silly tarball no local data for brorand@https://registry.npmjs.org/brorand/-/brorand-1.1.0.tgz. Extracting by manifest.
252 silly tarball no local data for hash.js@https://registry.npmjs.org/hash.js/-/hash.js-1.1.7.tgz. Extracting by manifest.
253 silly tarball no local data for elliptic@https://registry.npmjs.org/elliptic/-/elliptic-6.5.4.tgz. Extracting by manifest.
254 silly tarball no local data for bech32@https://registry.npmjs.org/bech32/-/bech32-1.1.4.tgz. Extracting by manifest.
255 silly tarball no local data for ws@https://registry.npmjs.org/ws/-/ws-7.4.6.tgz. Extracting by manifest.
256 silly tarball no local data for js-sha3@https://registry.npmjs.org/js-sha3/-/js-sha3-0.5.7.tgz. Extracting by manifest.
257 silly tarball no local data for scrypt-js@https://registry.npmjs.org/scrypt-js/-/scrypt-js-3.0.1.tgz. Extracting by manifest.
258 silly tarball no local data for aes-js@https://registry.npmjs.org/aes-js/-/aes-js-3.0.0.tgz. Extracting by manifest.
259 silly tarball no local data for bn.js@https://registry.npmjs.org/bn.js/-/bn.js-4.12.0.tgz. Extracting by manifest.
260 silly tarball no local data for @ethersproject/wordlists@https://registry.npmjs.org/@ethersproject/wordlists/-/wordlists-5.4.0.tgz. Extracting by manifest.
261 silly tarball no local data for @ethersproject/web@https://registry.npmjs.org/@ethersproject/web/-/web-5.4.0.tgz. Extracting by manifest.
262 silly tarball no local data for @ethersproject/units@https://registry.npmjs.org/@ethersproject/units/-/units-5.4.0.tgz. Extracting by manifest.
263 silly tarball no local data for @ethersproject/wallet@https://registry.npmjs.org/@ethersproject/wallet/-/wallet-5.4.0.tgz. Extracting by manifest.
264 silly tarball no local data for @ethersproject/transactions@https://registry.npmjs.org/@ethersproject/transactions/-/transactions-5.4.0.tgz. Extracting by manifest.
265 silly tarball no local data for @ethersproject/strings@https://registry.npmjs.org/@ethersproject/strings/-/strings-5.4.0.tgz. Extracting by manifest.
266 silly tarball no local data for @ethersproject/solidity@https://registry.npmjs.org/@ethersproject/solidity/-/solidity-5.4.0.tgz. Extracting by manifest.
267 silly tarball no local data for @ethersproject/signing-key@https://registry.npmjs.org/@ethersproject/signing-key/-/signing-key-5.4.0.tgz. Extracting by manifest.
268 silly tarball no local data for @ethersproject/sha2@https://registry.npmjs.org/@ethersproject/sha2/-/sha2-5.4.0.tgz. Extracting by manifest.
269 silly tarball no local data for @ethersproject/rlp@https://registry.npmjs.org/@ethersproject/rlp/-/rlp-5.4.0.tgz. Extracting by manifest.
270 silly tarball no local data for @ethersproject/providers@https://registry.npmjs.org/@ethersproject/providers/-/providers-5.4.5.tgz. Extracting by manifest.
271 silly tarball no local data for @ethersproject/pbkdf2@https://registry.npmjs.org/@ethersproject/pbkdf2/-/pbkdf2-5.4.0.tgz. Extracting by manifest.
272 silly tarball no local data for @ethersproject/properties@https://registry.npmjs.org/@ethersproject/properties/-/properties-5.4.1.tgz. Extracting by manifest.
273 silly tarball no local data for @ethersproject/random@https://registry.npmjs.org/@ethersproject/random/-/random-5.4.0.tgz. Extracting by manifest.
274 silly tarball no local data for @ethersproject/networks@https://registry.npmjs.org/@ethersproject/networks/-/networks-5.4.2.tgz. Extracting by manifest.
275 silly tarball no local data for @ethersproject/logger@https://registry.npmjs.org/@ethersproject/logger/-/logger-5.4.1.tgz. Extracting by manifest.
276 silly tarball no local data for @ethersproject/keccak256@https://registry.npmjs.org/@ethersproject/keccak256/-/keccak256-5.4.0.tgz. Extracting by manifest.
277 silly tarball no local data for @ethersproject/json-wallets@https://registry.npmjs.org/@ethersproject/json-wallets/-/json-wallets-5.4.0.tgz. Extracting by manifest.
278 silly tarball no local data for @ethersproject/hdnode@https://registry.npmjs.org/@ethersproject/hdnode/-/hdnode-5.4.0.tgz. Extracting by manifest.
279 silly tarball no local data for @ethersproject/hash@https://registry.npmjs.org/@ethersproject/hash/-/hash-5.4.0.tgz. Extracting by manifest.
280 silly tarball no local data for @ethersproject/contracts@https://registry.npmjs.org/@ethersproject/contracts/-/contracts-5.4.1.tgz. Extracting by manifest.
281 silly tarball no local data for @ethersproject/bytes@https://registry.npmjs.org/@ethersproject/bytes/-/bytes-5.4.0.tgz. Extracting by manifest.
282 silly tarball no local data for @ethersproject/constants@https://registry.npmjs.org/@ethersproject/constants/-/constants-5.4.0.tgz. Extracting by manifest.
283 silly tarball no local data for @ethersproject/bignumber@https://registry.npmjs.org/@ethersproject/bignumber/-/bignumber-5.4.2.tgz. Extracting by manifest.
284 silly tarball no local data for @ethersproject/basex@https://registry.npmjs.org/@ethersproject/basex/-/basex-5.4.0.tgz. Extracting by manifest.
285 silly tarball no local data for @ethersproject/base64@https://registry.npmjs.org/@ethersproject/base64/-/base64-5.4.0.tgz. Extracting by manifest.
286 silly tarball no local data for @ethersproject/address@https://registry.npmjs.org/@ethersproject/address/-/address-5.4.0.tgz. Extracting by manifest.
287 silly tarball no local data for @ethersproject/abstract-signer@https://registry.npmjs.org/@ethersproject/abstract-signer/-/abstract-signer-5.4.1.tgz. Extracting by manifest.
288 silly tarball no local data for @ethersproject/abstract-provider@https://registry.npmjs.org/@ethersproject/abstract-provider/-/abstract-provider-5.4.1.tgz. Extracting by manifest.
289 silly tarball no local data for @ethersproject/abi@https://registry.npmjs.org/@ethersproject/abi/-/abi-5.4.1.tgz. Extracting by manifest.
290 silly tarball no local data for ethers@https://registry.npmjs.org/ethers/-/ethers-5.4.7.tgz. Extracting by manifest.
291 timing reifyNode:node_modules/inherits Completed in 90ms
292 http fetch GET 200 https://registry.npmjs.org/minimalistic-assert/-/minimalistic-assert-1.0.1.tgz 122ms (cache miss)
293 timing reifyNode:node_modules/minimalistic-assert Completed in 144ms
294 http fetch GET 200 https://registry.npmjs.org/minimalistic-crypto-utils/-/minimalistic-crypto-utils-1.0.1.tgz 125ms (cache miss)
295 http fetch GET 200 https://registry.npmjs.org/hash.js/-/hash.js-1.1.7.tgz 136ms (cache miss)
296 timing reifyNode:node_modules/minimalistic-crypto-utils Completed in 164ms
297 http fetch GET 200 https://registry.npmjs.org/brorand/-/brorand-1.1.0.tgz 142ms (cache miss)
298 http fetch GET 200 https://registry.npmjs.org/bech32/-/bech32-1.1.4.tgz 140ms (cache miss)
299 timing reifyNode:node_modules/brorand Completed in 168ms
300 timing reifyNode:node_modules/bech32 Completed in 169ms
301 http fetch GET 200 https://registry.npmjs.org/js-sha3/-/js-sha3-0.5.7.tgz 188ms (cache miss)
302 timing reifyNode:node_modules/js-sha3 Completed in 214ms
303 timing reifyNode:node_modules/hash.js Completed in 222ms
304 http fetch GET 200 https://registry.npmjs.org/@ethersproject/wallet/-/wallet-5.4.0.tgz 216ms (cache miss)
305 http fetch GET 200 https://registry.npmjs.org/@ethersproject/units/-/units-5.4.0.tgz 236ms (cache miss)
306 http fetch GET 200 https://registry.npmjs.org/@ethersproject/transactions/-/transactions-5.4.0.tgz 234ms (cache miss)
307 timing reifyNode:node_modules/@ethersproject/units Completed in 271ms
308 http fetch GET 200 https://registry.npmjs.org/bn.js/-/bn.js-4.12.0.tgz 273ms (cache miss)
309 timing reifyNode:node_modules/bn.js Completed in 305ms
310 timing reifyNode:node_modules/@ethersproject/wallet Completed in 317ms
311 http fetch GET 200 https://registry.npmjs.org/elliptic/-/elliptic-6.5.4.tgz 314ms (cache miss)
312 timing reifyNode:node_modules/elliptic Completed in 343ms
313 timing reifyNode:node_modules/@ethersproject/transactions Completed in 345ms
314 http fetch GET 200 https://registry.npmjs.org/@ethersproject/solidity/-/solidity-5.4.0.tgz 312ms (cache miss)
315 timing reifyNode:node_modules/@ethersproject/solidity Completed in 351ms
316 http fetch GET 200 https://registry.npmjs.org/hmac-drbg/-/hmac-drbg-1.0.1.tgz 338ms (cache miss)
317 timing reifyNode:node_modules/hmac-drbg Completed in 361ms
318 http fetch GET 200 https://registry.npmjs.org/@ethersproject/rlp/-/rlp-5.4.0.tgz 337ms (cache miss)
319 timing reifyNode:node_modules/@ethersproject/rlp Completed in 378ms
320 http fetch GET 200 https://registry.npmjs.org/@ethersproject/web/-/web-5.4.0.tgz 356ms (cache miss)
321 timing reifyNode:node_modules/@ethersproject/web Completed in 389ms
322 http fetch GET 200 https://registry.npmjs.org/@ethersproject/strings/-/strings-5.4.0.tgz 364ms (cache miss)
323 timing reifyNode:node_modules/@ethersproject/strings Completed in 400ms
324 http fetch GET 200 https://registry.npmjs.org/@ethersproject/keccak256/-/keccak256-5.4.0.tgz 424ms (cache miss)
325 timing reifyNode:node_modules/@ethersproject/keccak256 Completed in 487ms
326 http fetch GET 200 https://registry.npmjs.org/@ethersproject/logger/-/logger-5.4.1.tgz 501ms (cache miss)
327 timing reifyNode:node_modules/@ethersproject/logger Completed in 544ms
328 http fetch GET 200 https://registry.npmjs.org/@ethersproject/wordlists/-/wordlists-5.4.0.tgz 555ms (cache miss)
329 timing reifyNode:node_modules/@ethersproject/wordlists Completed in 588ms
330 http fetch GET 200 https://registry.npmjs.org/@ethersproject/json-wallets/-/json-wallets-5.4.0.tgz 580ms (cache miss)
331 timing reifyNode:node_modules/@ethersproject/json-wallets Completed in 628ms
332 http fetch GET 200 https://registry.npmjs.org/@ethersproject/networks/-/networks-5.4.2.tgz 589ms (cache miss)
333 http fetch GET 200 https://registry.npmjs.org/@ethersproject/pbkdf2/-/pbkdf2-5.4.0.tgz 613ms (cache miss)
334 timing reifyNode:node_modules/@ethersproject/networks Completed in 675ms
335 http fetch GET 200 https://registry.npmjs.org/@ethersproject/bytes/-/bytes-5.4.0.tgz 637ms (cache miss)
336 timing reifyNode:node_modules/@ethersproject/pbkdf2 Completed in 704ms
337 timing reifyNode:node_modules/@ethersproject/bytes Completed in 709ms
338 http fetch GET 200 https://registry.npmjs.org/@ethersproject/hash/-/hash-5.4.0.tgz 671ms (cache miss)
339 timing reifyNode:node_modules/@ethersproject/hash Completed in 716ms
340 http fetch GET 200 https://registry.npmjs.org/@ethersproject/constants/-/constants-5.4.0.tgz 692ms (cache miss)
341 timing reifyNode:node_modules/@ethersproject/constants Completed in 740ms
342 http fetch GET 200 https://registry.npmjs.org/@ethersproject/providers/-/providers-5.4.5.tgz 752ms (cache miss)
343 timing reifyNode:node_modules/@ethersproject/providers Completed in 791ms
344 http fetch GET 200 https://registry.npmjs.org/@ethersproject/contracts/-/contracts-5.4.1.tgz 816ms (cache miss)
345 timing reifyNode:node_modules/@ethersproject/contracts Completed in 862ms
346 http fetch GET 200 https://registry.npmjs.org/scrypt-js/-/scrypt-js-3.0.1.tgz 847ms (cache miss)
347 timing reifyNode:node_modules/scrypt-js Completed in 877ms
348 http fetch GET 200 https://registry.npmjs.org/@ethersproject/random/-/random-5.4.0.tgz 874ms (cache miss)
349 timing reifyNode:node_modules/@ethersproject/random Completed in 916ms
350 http fetch GET 200 https://registry.npmjs.org/@ethersproject/properties/-/properties-5.4.1.tgz 896ms (cache miss)
351 timing reifyNode:node_modules/@ethersproject/properties Completed in 940ms
352 http fetch GET 200 https://registry.npmjs.org/@ethersproject/abstract-signer/-/abstract-signer-5.4.1.tgz 892ms (cache miss)
353 http fetch GET 200 https://registry.npmjs.org/@ethersproject/hdnode/-/hdnode-5.4.0.tgz 908ms (cache miss)
354 timing reifyNode:node_modules/@ethersproject/hdnode Completed in 952ms
355 http fetch GET 200 https://registry.npmjs.org/@ethersproject/address/-/address-5.4.0.tgz 905ms (cache miss)
356 timing reifyNode:node_modules/@ethersproject/abstract-signer Completed in 967ms
357 timing reifyNode:node_modules/@ethersproject/address Completed in 971ms
358 http fetch GET 200 https://registry.npmjs.org/@ethersproject/basex/-/basex-5.4.0.tgz 944ms (cache miss)
359 timing reifyNode:node_modules/@ethersproject/basex Completed in 1007ms
360 http fetch GET 200 https://registry.npmjs.org/@ethersproject/abstract-provider/-/abstract-provider-5.4.1.tgz 995ms (cache miss)
361 timing reifyNode:node_modules/@ethersproject/abstract-provider Completed in 1046ms
362 http fetch GET 200 https://registry.npmjs.org/@ethersproject/bignumber/-/bignumber-5.4.2.tgz 1123ms (cache miss)
363 timing reifyNode:node_modules/@ethersproject/bignumber Completed in 1171ms
364 http fetch GET 200 https://registry.npmjs.org/@ethersproject/signing-key/-/signing-key-5.4.0.tgz 1226ms (cache miss)
365 timing reifyNode:node_modules/@ethersproject/signing-key Completed in 1265ms
366 http fetch GET 200 https://registry.npmjs.org/@ethersproject/base64/-/base64-5.4.0.tgz 1217ms (cache miss)
367 timing reifyNode:node_modules/@ethersproject/base64 Completed in 1291ms
368 http fetch GET 200 https://registry.npmjs.org/@ethersproject/abi/-/abi-5.4.1.tgz 1261ms (cache miss)
369 timing reifyNode:node_modules/@ethersproject/abi Completed in 1312ms
370 http fetch GET 200 https://registry.npmjs.org/ws/-/ws-7.4.6.tgz 1702ms (cache miss)
371 timing reifyNode:node_modules/ws Completed in 1729ms
372 http fetch GET 200 https://registry.npmjs.org/@ethersproject/sha2/-/sha2-5.4.0.tgz 1813ms (cache miss)
373 timing reifyNode:node_modules/@ethersproject/sha2 Completed in 1852ms
374 http fetch GET 200 https://registry.npmjs.org/aes-js/-/aes-js-3.0.0.tgz 2573ms (cache miss)
375 timing reifyNode:node_modules/aes-js Completed in 2604ms
376 http fetch GET 200 https://registry.npmjs.org/ethers/-/ethers-5.4.7.tgz 3426ms (cache miss)
377 timing reifyNode:node_modules/ethers Completed in 3478ms
378 timing reify:unpack Completed in 3481ms
379 timing reify:unretire Completed in 0ms
380 timing build:queue Completed in 1ms
381 timing build:deps Completed in 2ms
382 timing build Completed in 3ms
383 timing reify:build Completed in 3ms
384 timing reify:trash Completed in 0ms
385 timing reify:save Completed in 22ms
386 timing reify Completed in 10143ms
387 silly ADD node_modules/minimalistic-crypto-utils
388 silly ADD node_modules/minimalistic-assert
389 silly ADD node_modules/inherits
390 silly ADD node_modules/hmac-drbg
391 silly ADD node_modules/brorand
392 silly ADD node_modules/elliptic
393 silly ADD node_modules/hash.js
394 silly ADD node_modules/ws
395 silly ADD node_modules/bech32
396 silly ADD node_modules/js-sha3
397 silly ADD node_modules/scrypt-js
398 silly ADD node_modules/aes-js
399 silly ADD node_modules/bn.js
400 silly ADD node_modules/@ethersproject/wordlists
401 silly ADD node_modules/@ethersproject/web
402 silly ADD node_modules/@ethersproject/wallet
403 silly ADD node_modules/@ethersproject/units
404 silly ADD node_modules/@ethersproject/transactions
405 silly ADD node_modules/@ethersproject/strings
406 silly ADD node_modules/@ethersproject/solidity
407 silly ADD node_modules/@ethersproject/signing-key
408 silly ADD node_modules/@ethersproject/sha2
409 silly ADD node_modules/@ethersproject/rlp
410 silly ADD node_modules/@ethersproject/random
411 silly ADD node_modules/@ethersproject/providers
412 silly ADD node_modules/@ethersproject/properties
413 silly ADD node_modules/@ethersproject/pbkdf2
414 silly ADD node_modules/@ethersproject/networks
415 silly ADD node_modules/@ethersproject/logger
416 silly ADD node_modules/@ethersproject/keccak256
417 silly ADD node_modules/@ethersproject/json-wallets
418 silly ADD node_modules/@ethersproject/hdnode
419 silly ADD node_modules/@ethersproject/hash
420 silly ADD node_modules/@ethersproject/contracts
421 silly ADD node_modules/@ethersproject/constants
422 silly ADD node_modules/@ethersproject/bytes
423 silly ADD node_modules/@ethersproject/bignumber
424 silly ADD node_modules/@ethersproject/basex
425 silly ADD node_modules/@ethersproject/base64
426 silly ADD node_modules/@ethersproject/address
427 silly ADD node_modules/@ethersproject/abstract-signer
428 silly ADD node_modules/@ethersproject/abstract-provider
429 silly ADD node_modules/@ethersproject/abi
430 silly ADD node_modules/ethers
431 timing command:install Completed in 10151ms
432 verbose exit 0
433 timing npm Completed in 10530ms
434 info ok
